<?xml version="1.0" encoding="UTF-8" ?>
<testsuite errors="2" failures="0" hostname="hebrews" name="COSE.MAC0MessageTest" skipped="0" tests="2" time="0.218" timestamp="2016-02-14T03:35:13">
  <properties>
[...]
</properties>
  <testcase classname="COSE.MAC0MessageTest" name="testValidate" time="0.158">
    <error type="java.lang.NullPointerException">java.lang.NullPointerException
	at COSE.MacCommon.Validate(MacCommon.java:37)
	at COSE.MAC0Message.Validate(MAC0Message.java:45)
	at COSE.MAC0MessageTest.testValidate(MAC0MessageTest.java:63)
</error>
  </testcase>
  <testcase classname="COSE.MAC0MessageTest" name="testDecodeFromCBORObject" time="0.001">
    <error type="java.lang.NullPointerException">java.lang.NullPointerException
	at COSE.MAC0Message.DecodeFromCBORObject(MAC0Message.java:24)
	at COSE.MAC0MessageTest.testDecodeFromCBORObject(MAC0MessageTest.java:49)
</error>
  </testcase>
  <system-out><![CDATA[Validate
DecodeFromCBORObject
]]></system-out>
  <system-err><![CDATA[]]></system-err>
</testsuite>
